[2012-03-29 20:36:34] Error: null
[2012-03-29 20:36:34] Error: null
[2012-03-29 20:36:34] Error: null
[2012-03-29 20:36:34] Error: null
[2012-03-29 20:36:34] Error: null
[2012-03-29 20:36:34] Error: null
[2012-03-29 20:36:34] Error: null
[2012-03-29 20:36:34] Error: null
[2012-03-29 20:36:34] Error: null
[2012-03-29 20:36:34] Error: null
[2012-03-29 20:36:34] Error: null
[2012-03-29 20:36:34] Error: null
[2012-03-29 20:36:34] Error: null
[2012-03-29 20:36:34] Error: null
[2012-03-29 20:36:34] Error: null
[2012-03-29 20:36:34] Error: null
[2012-03-29 20:36:34] Error: null
[2012-03-29 20:36:34] Error: null
[2012-03-29 20:36:35] Error: null
[2012-03-29 20:36:35] Error: null
[2012-03-29 20:36:35] Error: null
[2012-03-29 20:36:35] Error: null
[2012-03-29 20:36:35] Error: null
[2012-03-29 20:36:35] Error: null
[2012-03-29 20:36:57] !!!!!!!: Los combates de un grupo han acabado. Los equipos que pasan a la siguiente ronda son: Euskadi, Universidad de Valencia 3
[2012-03-29 20:37:34] !!!!!!!: Los combates de un grupo han acabado. Los equipos que pasan a la siguiente ronda son: Zanshin 1, Universidad de Valencia 4
[2012-03-29 20:40:52] MySQL: Se ha conectado con la base de datos: localhost
[2012-03-29 20:41:14] MySQL: ¡El partido ha sido borrado!
[2012-03-29 20:41:34] !!!!!!!: Los combates de un grupo han acabado. Los equipos que pasan a la siguiente ronda son: Zanshin 1, Universidad de Valencia 4
[2012-03-29 20:41:37] com.softwaremagico.ktg.database.MySQL: Se han agregado los distintos partidos a la base de datos. -> IX Open de Kendo
[2012-03-29 20:41:37] com.softwaremagico.ktg.database.MySQL: Se han agregado los distintos partidos a la base de datos. -> IX Open de Kendo
[2012-03-29 20:41:37] com.softwaremagico.ktg.database.MySQL: Se han agregado los distintos partidos a la base de datos. -> IX Open de Kendo
[2012-03-29 20:41:37] com.softwaremagico.ktg.database.MySQL: Se han agregado los distintos partidos a la base de datos. -> IX Open de Kendo
[2012-03-29 20:44:11] Error: null
[2012-03-29 20:44:11] Error: null
[2012-03-29 20:44:11] Error: null
[2012-03-29 20:44:11] Error: null
[2012-03-29 20:44:11] Error: null
[2012-03-29 20:44:11] Error: null
[2012-03-29 20:46:15] MySQL: Se ha conectado con la base de datos: localhost
[2012-03-29 20:47:19] MySQL: Se ha conectado con la base de datos: localhost
[2012-03-29 20:48:16] !!!!!!!: Los combates de un grupo han acabado. Los equipos que pasan a la siguiente ronda son: Kenwakai 2, Makoto Shinaki VLC 2
[2012-03-29 20:49:01] !!!!!!!: Los combates de un grupo han acabado. Los equipos que pasan a la siguiente ronda son: Yoshinkai, UW / UV
[2012-03-29 20:51:04] MySQL: ¡Datos actualizados correctamente!
[2012-03-29 20:51:12] !!!!!!!: Los combates de un grupo han acabado. Los equipos que pasan a la siguiente ronda son: Yoshinkai
[2012-03-29 20:51:14] : Espere mientras se acaban los combates del shiaijo: B
[2012-03-29 20:51:15] com.softwaremagico.ktg.database.MySQL: Se han agregado los distintos partidos a la base de datos. -> IX Open de Kendo
[2012-03-29 23:17:37] MySQL: Se ha conectado con la base de datos: localhost
[2012-03-29 23:18:44] MySQL: Se ha conectado con la base de datos: localhost
[2012-03-30 13:17:53] MySQL: Acceso denegado para el usuario seleccionado. Comprueba si la contraseña es correcta.
